<?xml version="1.0" encoding="UTF-8"?>
<testng-results skipped="0" failed="0" total="2" passed="2">
  <reporter-output>
  </reporter-output>
  <suite name="Default suite" duration-ms="1441" started-at="2015-09-09T20:35:44Z" finished-at="2015-09-09T20:35:45Z">
    <groups>
    </groups>
    <test name="Default test" duration-ms="1441" started-at="2015-09-09T20:35:44Z" finished-at="2015-09-09T20:35:45Z">
      <class name="Hema.restassured.RestAssuredTestNGTests">
        <test-method status="PASS" signature="initialize()[pri:0, instance:Hema.restassured.RestAssuredTestNGTests@35851384]" name="initialize" is-config="true" duration-ms="278" started-at="2015-09-09T13:35:44Z" finished-at="2015-09-09T13:35:44Z">
          <reporter-output>
          </reporter-output>
        </test-method> <!-- initialize -->
        <test-method status="PASS" signature="postLandLord1(Hema.restassured.LandLord)[pri:0, instance:Hema.restassured.RestAssuredTestNGTests@35851384]" name="postLandLord1" duration-ms="1085" started-at="2015-09-09T13:35:44Z" data-provider="landlordnames" finished-at="2015-09-09T13:35:45Z">
          <params>
            <param index="0">
              <value>
                <![CDATA[Hema.restassured.LandLord@2473d930]]>
              </value>
            </param>
          </params>
          <reporter-output>
          </reporter-output>
        </test-method> <!-- postLandLord1 -->
        <test-method status="PASS" signature="postLandLord1(Hema.restassured.LandLord)[pri:0, instance:Hema.restassured.RestAssuredTestNGTests@35851384]" name="postLandLord1" duration-ms="69" started-at="2015-09-09T13:35:45Z" data-provider="landlordnames" finished-at="2015-09-09T13:35:45Z">
          <params>
            <param index="0">
              <value>
                <![CDATA[Hema.restassured.LandLord@b93aad]]>
              </value>
            </param>
          </params>
          <reporter-output>
          </reporter-output>
        </test-method> <!-- postLandLord1 -->
      </class> <!-- Hema.restassured.RestAssuredTestNGTests -->
    </test> <!-- Default test -->
  </suite> <!-- Default suite -->
</testng-results>
